#
# An unexpected error has occurred (11)
#
Stack:
/home/louka/Apps/Xilinx/Vivado/2022.1/tps/lnx64/jre11.0.11_9/lib//server/libjvm.so(+0xbefecb) [0x7f472c280ecb]
/home/louka/Apps/Xilinx/Vivado/2022.1/tps/lnx64/jre11.0.11_9/lib//server/libjvm.so(JVM_handle_linux_signal+0xd1) [0x7f472c287c81]
/home/louka/Apps/Xilinx/Vivado/2022.1/tps/lnx64/jre11.0.11_9/lib//server/libjvm.so(+0xbead23) [0x7f472c27bd23]
/lib/x86_64-linux-gnu/libc.so.6(+0x43090) [0x7f478311d090]
/home/louka/Apps/Xilinx/Vivado/2022.1/lib/lnx64.o/librdi_wavedata.so(SG_Model::ModelImp::updateData()+0x123) [0x7f473ab05463]
/home/louka/Apps/Xilinx/Vivado/2022.1/lib/lnx64.o/librdi_wavedata.so(+0x337a78) [0x7f473ab0aa78]
/home/louka/Apps/Xilinx/Vivado/2022.1/lib/lnx64.o/librdi_wavedata.so(SG_Common::Subject::sendEvent(SG_Common::Event const*) const+0x14b) [0x7f473aabf1ab]
/home/louka/Apps/Xilinx/Vivado/2022.1/lib/lnx64.o/librdi_wavedata.so(+0x30900c) [0x7f473aadc00c]
/home/louka/Apps/Xilinx/Vivado/2022.1/lib/lnx64.o/librdi_wavedata.so(SG_Common::Subject::sendEvent(SG_Common::Event const*) const+0x14b) [0x7f473aabf1ab]
/home/louka/Apps/Xilinx/Vivado/2022.1/lib/lnx64.o/librdi_wavedata.so(+0x309114) [0x7f473aadc114]
/home/louka/Apps/Xilinx/Vivado/2022.1/lib/lnx64.o/librdi_wavedata.so(SG_Common::Subject::sendEvent(SG_Common::Event const*) const+0x14b) [0x7f473aabf1ab]
/home/louka/Apps/Xilinx/Vivado/2022.1/lib/lnx64.o/librdi_wavedata.so(SG_Model::LiveDatabase::notifyReconnect()+0x29) [0x7f473aafc0b9]
/home/louka/Apps/Xilinx/Vivado/2022.1/lib/lnx64.o/librdi_wavedata.so(SG_Model::LiveDatabase::convertToStatic(bool)+0x158) [0x7f473aafc358]
/home/louka/Apps/Xilinx/Vivado/2022.1/lib/lnx64.o/librdi_simdata.so(RSDData::RSDLiveSimulationObject::convertToStatic()+0xf0) [0x7f473f9b4df0]
/home/louka/Apps/Xilinx/Vivado/2022.1/lib/lnx64.o/librdi_simtcltasks.so(+0x22d357) [0x7f46f3916357]
/home/louka/Apps/Xilinx/Vivado/2022.1/lib/lnx64.o/librdi_common.so(+0xb44ccf) [0x7f4784240ccf]
/home/louka/Apps/Xilinx/Vivado/2022.1/lib/lnx64.o/libtcl8.5.so(+0x3356f) [0x7f477f14156f]
/home/louka/Apps/Xilinx/Vivado/2022.1/lib/lnx64.o/libtcl8.5.so(+0x76945) [0x7f477f184945]
/home/louka/Apps/Xilinx/Vivado/2022.1/lib/lnx64.o/libtcl8.5.so(+0x7e0f9) [0x7f477f18c0f9]
/home/louka/Apps/Xilinx/Vivado/2022.1/lib/lnx64.o/libtcl8.5.so(TclEvalObjEx+0x76) [0x7f477f143216]
/home/louka/Apps/Xilinx/Vivado/2022.1/lib/lnx64.o/librdi_common.so(hdi::tcltasks::task_manager::eval_in_tcl(Tcl_Interp*, Tcl_Obj*, char const*, bool)+0x74d) [0x7f478423ed5d]
/home/louka/Apps/Xilinx/Vivado/2022.1/lib/lnx64.o/librdi_common.so(hdi::tcltasks::task_manager::eval_in_tcl(Tcl_Interp*, char const*, char const*, bool)+0xda) [0x7f478423f36a]
/home/louka/Apps/Xilinx/Vivado/2022.1/lib/lnx64.o/librdi_common.so(hdi::tcltasks::task_manager::eval_in_tcl_throw(Tcl_Interp*, char const*, char const*, bool)+0x9) [0x7f478423f3f9]
/home/louka/Apps/Xilinx/Vivado/2022.1/lib/lnx64.o/librdi_simtcltasks.so(+0x211266) [0x7f46f38fa266]
/home/louka/Apps/Xilinx/Vivado/2022.1/lib/lnx64.o/librdi_common.so(+0xb44ccf) [0x7f4784240ccf]
/home/louka/Apps/Xilinx/Vivado/2022.1/lib/lnx64.o/libtcl8.5.so(+0x3356f) [0x7f477f14156f]
/home/louka/Apps/Xilinx/Vivado/2022.1/lib/lnx64.o/libtcl8.5.so(+0x76945) [0x7f477f184945]
/home/louka/Apps/Xilinx/Vivado/2022.1/lib/lnx64.o/libtcl8.5.so(+0x7e0f9) [0x7f477f18c0f9]
/home/louka/Apps/Xilinx/Vivado/2022.1/lib/lnx64.o/libtcl8.5.so(TclEvalObjEx+0x76) [0x7f477f143216]
/home/louka/Apps/Xilinx/Vivado/2022.1/lib/lnx64.o/librdi_common.so(+0xb435b3) [0x7f478423f5b3]
/home/louka/Apps/Xilinx/Vivado/2022.1/lib/lnx64.o/libtcl8.5.so(Tcl_ServiceEvent+0x7f) [0x7f477f1b5bef]
/home/louka/Apps/Xilinx/Vivado/2022.1/lib/lnx64.o/libtcl8.5.so(Tcl_DoOneEvent+0x154) [0x7f477f1b5f24]
/home/louka/Apps/Xilinx/Vivado/2022.1/lib/lnx64.o/librdi_commontasks.so(+0x2b39f7) [0x7f4778b2a9f7]
/home/louka/Apps/Xilinx/Vivado/2022.1/lib/lnx64.o/librdi_commontasks.so(+0x2bc22f) [0x7f4778b3322f]
/home/louka/Apps/Xilinx/Vivado/2022.1/lib/lnx64.o/librdi_commontasks.so(+0x2bcb3f) [0x7f4778b33b3f]
/home/louka/Apps/Xilinx/Vivado/2022.1/lib/lnx64.o/librdi_common.so(+0xb44ccf) [0x7f4784240ccf]
/home/louka/Apps/Xilinx/Vivado/2022.1/lib/lnx64.o/libtcl8.5.so(+0x3356f) [0x7f477f14156f]
/home/louka/Apps/Xilinx/Vivado/2022.1/lib/lnx64.o/libtcl8.5.so(+0x76945) [0x7f477f184945]
/home/louka/Apps/Xilinx/Vivado/2022.1/lib/lnx64.o/libtcl8.5.so(+0x7e0f9) [0x7f477f18c0f9]
/home/louka/Apps/Xilinx/Vivado/2022.1/lib/lnx64.o/libtcl8.5.so(TclEvalObjEx+0x76) [0x7f477f143216]
/home/louka/Apps/Xilinx/Vivado/2022.1/lib/lnx64.o/librdi_commonmain.so(+0xc538) [0x7f47836ee538]
/home/louka/Apps/Xilinx/Vivado/2022.1/lib/lnx64.o/libtcl8.5.so(Tcl_Main+0x1d0) [0x7f477f1ae2f0]
/home/louka/Apps/Xilinx/Vivado/2022.1/lib/lnx64.o/librdi_common.so(+0xb721fb) [0x7f478426e1fb]
/lib/x86_64-linux-gnu/libpthread.so.0(+0x8609) [0x7f47830bf609]
/lib/x86_64-linux-gnu/libc.so.6(clone+0x43) [0x7f47831f9133]
